<?xml version="1.0" encoding="UTF-8" ?>
<testsuite tests="11" failures="0" name="de.jscholz.jminesweeper.minesweeper.MinefieldValidPositionTest" time="0" errors="0" skipped="0">
  <properties>
    <property name="idea.version" value="2017.3.4"/>
    <property name="java.runtime.name" value="Java(TM) SE Runtime Environment"/>
    <property name="sun.boot.library.path" value="/Library/Java/JavaVirtualMachines/jdk1.8.0_111.jdk/Contents/Home/jre/lib"/>
    <property name="java.vm.version" value="25.111-b14"/>
    <property name="gopherProxySet" value="false"/>
    <property name="java.vm.vendor" value="Oracle Corporation"/>
    <property name="maven.multiModuleProjectDirectory" value="/Volumes/FILEs/workspace/JMinesweeper"/>
    <property name="java.vendor.url" value="http://java.oracle.com/"/>
    <property name="path.separator" value=":"/>
    <property name="guice.disable.misplaced.annotation.check" value="true"/>
    <property name="java.vm.name" value="Java HotSpot(TM) 64-Bit Server VM"/>
    <property name="file.encoding.pkg" value="sun.io"/>
    <property name="user.country" value="AU"/>
    <property name="sun.java.launcher" value="SUN_STANDARD"/>
    <property name="sun.os.patch.level" value="unknown"/>
    <property name="java.vm.specification.name" value="Java Virtual Machine Specification"/>
    <property name="user.dir" value="/Volumes/FILEs/workspace/JMinesweeper"/>
    <property name="java.runtime.version" value="1.8.0_111-b14"/>
    <property name="java.awt.graphicsenv" value="sun.awt.CGraphicsEnvironment"/>
    <property name="java.endorsed.dirs" value="/Library/Java/JavaVirtualMachines/jdk1.8.0_111.jdk/Contents/Home/jre/lib/endorsed"/>
    <property name="os.arch" value="x86_64"/>
    <property name="java.io.tmpdir" value="/var/folders/1_/74vvgs0j7lj9dlhk6gf32rm80000gn/T/"/>
    <property name="line.separator" value="
"/>
    <property name="java.vm.specification.vendor" value="Oracle Corporation"/>
    <property name="os.name" value="Mac OS X"/>
    <property name="classworlds.conf" value="/Applications/IntelliJ IDEA CE.app/Contents/plugins/maven/lib/maven3/bin/m2.conf"/>
    <property name="sun.jnu.encoding" value="UTF-8"/>
    <property name="java.library.path" value="/Users/Jascha/Library/Java/Extensions:/Library/Java/Extensions:/Network/Library/Java/Extensions:/System/Library/Java/Extensions:/usr/lib/java:."/>
    <property name="java.specification.name" value="Java Platform API Specification"/>
    <property name="java.class.version" value="52.0"/>
    <property name="sun.management.compiler" value="HotSpot 64-Bit Tiered Compilers"/>
    <property name="os.version" value="10.13.4"/>
    <property name="http.nonProxyHosts" value="local|*.local|169.254/16|*.169.254/16"/>
    <property name="user.home" value="/Users/Jascha"/>
    <property name="user.timezone" value="Europe/Berlin"/>
    <property name="java.awt.printerjob" value="sun.lwawt.macosx.CPrinterJob"/>
    <property name="java.specification.version" value="1.8"/>
    <property name="file.encoding" value="UTF-8"/>
    <property name="user.name" value="Jascha"/>
    <property name="java.class.path" value="/Applications/IntelliJ IDEA CE.app/Contents/plugins/maven/lib/maven3/boot/plexus-classworlds-2.5.2.jar:/Applications/IntelliJ IDEA CE.app/Contents/lib/idea_rt.jar"/>
    <property name="java.vm.specification.version" value="1.8"/>
    <property name="sun.arch.data.model" value="64"/>
    <property name="java.home" value="/Library/Java/JavaVirtualMachines/jdk1.8.0_111.jdk/Contents/Home/jre"/>
    <property name="sun.java.command" value="org.codehaus.classworlds.Launcher -Didea.version=2017.3.4 package"/>
    <property name="java.specification.vendor" value="Oracle Corporation"/>
    <property name="user.language" value="en"/>
    <property name="awt.toolkit" value="sun.lwawt.macosx.LWCToolkit"/>
    <property name="java.vm.info" value="mixed mode"/>
    <property name="java.version" value="1.8.0_111"/>
    <property name="java.ext.dirs" value="/Users/Jascha/Library/Java/Extensions:/Library/Java/JavaVirtualMachines/jdk1.8.0_111.jdk/Contents/Home/jre/lib/ext:/Library/Java/Extensions:/Network/Library/Java/Extensions:/System/Library/Java/Extensions:/usr/lib/java"/>
    <property name="sun.boot.class.path" value="/Library/Java/JavaVirtualMachines/jdk1.8.0_111.jdk/Contents/Home/jre/lib/resources.jar:/Library/Java/JavaVirtualMachines/jdk1.8.0_111.jdk/Contents/Home/jre/lib/rt.jar:/Library/Java/JavaVirtualMachines/jdk1.8.0_111.jdk/Contents/Home/jre/lib/sunrsasign.jar:/Library/Java/JavaVirtualMachines/jdk1.8.0_111.jdk/Contents/Home/jre/lib/jsse.jar:/Library/Java/JavaVirtualMachines/jdk1.8.0_111.jdk/Contents/Home/jre/lib/jce.jar:/Library/Java/JavaVirtualMachines/jdk1.8.0_111.jdk/Contents/Home/jre/lib/charsets.jar:/Library/Java/JavaVirtualMachines/jdk1.8.0_111.jdk/Contents/Home/jre/lib/jfr.jar:/Library/Java/JavaVirtualMachines/jdk1.8.0_111.jdk/Contents/Home/jre/classes"/>
    <property name="java.vendor" value="Oracle Corporation"/>
    <property name="maven.home" value="/Applications/IntelliJ IDEA CE.app/Contents/plugins/maven/lib/maven3"/>
    <property name="file.separator" value="/"/>
    <property name="java.vendor.url.bug" value="http://bugreport.sun.com/bugreport/"/>
    <property name="sun.cpu.endian" value="little"/>
    <property name="sun.io.unicode.encoding" value="UnicodeBig"/>
    <property name="socksNonProxyHosts" value="local|*.local|169.254/16|*.169.254/16"/>
    <property name="ftp.nonProxyHosts" value="local|*.local|169.254/16|*.169.254/16"/>
    <property name="sun.cpu.isalist" value=""/>
  </properties>
  <testcase classname="de.jscholz.jminesweeper.minesweeper.MinefieldValidPositionTest" name="neighbourTest[0: testAdd(de.jscholz.jminesweeper.minesweeper.Minefield@52d455b8+[x: 0, y: 0]) = true]" time="0"/>
  <testcase classname="de.jscholz.jminesweeper.minesweeper.MinefieldValidPositionTest" name="neighbourTest[1: testAdd(de.jscholz.jminesweeper.minesweeper.Minefield@4f4a7090+[x: 7, y: 0]) = true]" time="0"/>
  <testcase classname="de.jscholz.jminesweeper.minesweeper.MinefieldValidPositionTest" name="neighbourTest[2: testAdd(de.jscholz.jminesweeper.minesweeper.Minefield@18ef96+[x: 0, y: 7]) = true]" time="0"/>
  <testcase classname="de.jscholz.jminesweeper.minesweeper.MinefieldValidPositionTest" name="neighbourTest[3: testAdd(de.jscholz.jminesweeper.minesweeper.Minefield@6956de9+[x: 7, y: 7]) = true]" time="0"/>
  <testcase classname="de.jscholz.jminesweeper.minesweeper.MinefieldValidPositionTest" name="neighbourTest[4: testAdd(de.jscholz.jminesweeper.minesweeper.Minefield@769c9116+[x: -1, y: 0]) = false]" time="0"/>
  <testcase classname="de.jscholz.jminesweeper.minesweeper.MinefieldValidPositionTest" name="neighbourTest[5: testAdd(de.jscholz.jminesweeper.minesweeper.Minefield@6aceb1a5+[x: 8, y: 0]) = false]" time="0"/>
  <testcase classname="de.jscholz.jminesweeper.minesweeper.MinefieldValidPositionTest" name="neighbourTest[6: testAdd(de.jscholz.jminesweeper.minesweeper.Minefield@2d6d8735+[x: 0, y: -1]) = false]" time="0"/>
  <testcase classname="de.jscholz.jminesweeper.minesweeper.MinefieldValidPositionTest" name="neighbourTest[7: testAdd(de.jscholz.jminesweeper.minesweeper.Minefield@ba4d54+[x: 0, y: 8]) = false]" time="0"/>
  <testcase classname="de.jscholz.jminesweeper.minesweeper.MinefieldValidPositionTest" name="neighbourTest[8: testAdd(de.jscholz.jminesweeper.minesweeper.Minefield@12bc6874+[x: -1, y: -1]) = false]" time="0"/>
  <testcase classname="de.jscholz.jminesweeper.minesweeper.MinefieldValidPositionTest" name="neighbourTest[9: testAdd(de.jscholz.jminesweeper.minesweeper.Minefield@de0a01f+[x: 8, y: 8]) = false]" time="0"/>
  <testcase classname="de.jscholz.jminesweeper.minesweeper.MinefieldValidPositionTest" name="neighbourTest[10: testAdd(de.jscholz.jminesweeper.minesweeper.Minefield@4c75cab9+null) = false]" time="0"/>
</testsuite>